<?xml version="1.0" encoding="UTF-8"?>
<!-- Generated by org.testng.reporters.JUnitXMLReporter -->
<testsuite ignored="0" hostname="sandesh" failures="0" tests="2" name="Default test" time="92.252" errors="0" timestamp="2023-11-02T18:21:43 IST">
  <testcase classname="com.abc.demo.com.abc.ProjectOnFramework.FirstProject" name="HomePage" time="60.602"/>
  <testcase classname="com.abc.demo.com.abc.ProjectOnFramework.FirstProject" name="chechkingwithinvalidcredentials" time="29.387"/>
</testsuite> <!-- Default test -->
