<?xml version="1.0" encoding="UTF-8"?>
<testng-results ignored="0" total="2" passed="2" failed="0" skipped="0">
  <reporter-output>
  </reporter-output>
  <suite started-at="2023-11-02T18:20:11 IST" name="Default suite" finished-at="2023-11-02T18:21:43 IST" duration-ms="92252">
    <groups>
    </groups>
    <test started-at="2023-11-02T18:20:11 IST" name="Default test" finished-at="2023-11-02T18:21:43 IST" duration-ms="92252">
      <class name="com.abc.demo.com.abc.ProjectOnFramework.FirstProject">
        <test-method is-config="true" signature="reportCreation()[pri:0, instance:com.abc.demo.com.abc.ProjectOnFramework.FirstProject@7d8995e]" started-at="2023-11-02T18:20:11 IST" name="reportCreation" finished-at="2023-11-02T18:20:12 IST" duration-ms="979" status="PASS">
          <reporter-output>
          </reporter-output>
        </test-method> <!-- reportCreation -->
        <test-method signature="HomePage()[pri:1, instance:com.abc.demo.com.abc.ProjectOnFramework.FirstProject@7d8995e]" started-at="2023-11-02T18:20:12 IST" name="HomePage" finished-at="2023-11-02T18:21:12 IST" duration-ms="60602" status="PASS">
          <reporter-output>
          </reporter-output>
        </test-method> <!-- HomePage -->
        <test-method signature="chechkingwithinvalidcredentials()[pri:2, instance:com.abc.demo.com.abc.ProjectOnFramework.FirstProject@7d8995e]" started-at="2023-11-02T18:21:12 IST" name="chechkingwithinvalidcredentials" finished-at="2023-11-02T18:21:42 IST" duration-ms="29387" status="PASS">
          <reporter-output>
          </reporter-output>
        </test-method> <!-- chechkingwithinvalidcredentials -->
        <test-method is-config="true" signature="actuallycreation()[pri:0, instance:com.abc.demo.com.abc.ProjectOnFramework.FirstProject@7d8995e]" started-at="2023-11-02T18:21:42 IST" name="actuallycreation" finished-at="2023-11-02T18:21:43 IST" duration-ms="1117" status="PASS">
          <reporter-output>
          </reporter-output>
        </test-method> <!-- actuallycreation -->
      </class> <!-- com.abc.demo.com.abc.ProjectOnFramework.FirstProject -->
    </test> <!-- Default test -->
  </suite> <!-- Default suite -->
</testng-results>
